#-----------------------------------------------------------
# Vivado v2020.2 (64-bit)
# SW Build 3064766 on Wed Nov 18 09:12:45 MST 2020
# IP Build 3064653 on Wed Nov 18 14:17:31 MST 2020
# Start of session at: Thu Mar 16 11:09:12 2023
# Process ID: 2996
# Current directory: C:/Users/xceles00/Documents/digital-electronics-1/labs_2023/05-ffs/flip_flops
# Command line: vivado.exe -gui_launcher_event rodinguilauncherevent4428 C:\Users\xceles00\Documents\digital-electronics-1\labs_2023\05-ffs\flip_flops\flip_flops.xpr
# Log file: C:/Users/xceles00/Documents/digital-electronics-1/labs_2023/05-ffs/flip_flops/vivado.log
# Journal file: C:/Users/xceles00/Documents/digital-electronics-1/labs_2023/05-ffs/flip_flops\vivado.jou
#-----------------------------------------------------------
start_gui
open_project C:/Users/xceles00/Documents/digital-electronics-1/labs_2023/05-ffs/flip_flops/flip_flops.xpr
WARNING: [filemgmt 56-3] Default IP Output Path : Could not find the directory 'C:/Users/xceles00/Documents/digital-electronics-1/labs_2023/05-ffs/flip_flops/flip_flops.gen/sources_1'.
Scanning sources...
Finished scanning sources
INFO: [IP_Flow 19-234] Refreshing IP repositories
INFO: [IP_Flow 19-1704] No user IP repositories specified
INFO: [IP_Flow 19-2313] Loaded Vivado IP repository 'C:/appz/Xilinx/Vivado/2020.2/data/ip'.
update_compile_order -fileset sources_1
launch_simulation
Command: launch_simulation 
INFO: [Vivado 12-5682] Launching behavioral simulation in 'C:/Users/xceles00/Documents/digital-electronics-1/labs_2023/05-ffs/flip_flops/flip_flops.sim/sim_1/behav/xsim'
INFO: [SIM-utils-51] Simulation object is 'sim_1'
INFO: [SIM-utils-54] Inspecting design source files for 'tb_ff_rst' in fileset 'sim_1'...
INFO: [USF-XSim-97] Finding global include files...
INFO: [USF-XSim-98] Fetching design files from 'sim_1'...
INFO: [USF-XSim-2] XSim::Compile design
INFO: [USF-XSim-61] Executing 'COMPILE and ANALYZE' step in 'C:/Users/xceles00/Documents/digital-electronics-1/labs_2023/05-ffs/flip_flops/flip_flops.sim/sim_1/behav/xsim'
"xvhdl --incr --relax -prj tb_ff_rst_vhdl.prj"
INFO: [VRFC 10-163] Analyzing VHDL file "C:/Users/xceles00/Documents/digital-electronics-1/labs_2023/05-ffs/flip_flops/flip_flops.srcs/sources_1/new/t_ff_rst.vhd" into library xil_defaultlib
INFO: [VRFC 10-3107] analyzing entity 't_ff_rst'
INFO: [VRFC 10-163] Analyzing VHDL file "C:/Users/xceles00/Documents/digital-electronics-1/labs_2023/05-ffs/flip_flops/flip_flops.srcs/sim_1/new/tb_ff_rst.vhd" into library xil_defaultlib
INFO: [VRFC 10-3107] analyzing entity 'tb_ff_rst'
INFO: [USF-XSim-69] 'compile' step finished in '1' seconds
INFO: [USF-XSim-3] XSim::Elaborate design
INFO: [USF-XSim-61] Executing 'ELABORATE' step in 'C:/Users/xceles00/Documents/digital-electronics-1/labs_2023/05-ffs/flip_flops/flip_flops.sim/sim_1/behav/xsim'
"xelab -wto 1369e2bf06534318ad1d6da31be08dc3 --incr --debug typical --relax --mt 2 -L xil_defaultlib -L secureip --snapshot tb_ff_rst_behav xil_defaultlib.tb_ff_rst -log elaborate.log"
Vivado Simulator 2020.2
Copyright 1986-1999, 2001-2020 Xilinx, Inc. All Rights Reserved.
Running: C:/appz/Xilinx/Vivado/2020.2/bin/unwrapped/win64.o/xelab.exe -wto 1369e2bf06534318ad1d6da31be08dc3 --incr --debug typical --relax --mt 2 -L xil_defaultlib -L secureip --snapshot tb_ff_rst_behav xil_defaultlib.tb_ff_rst -log elaborate.log 
Using 2 slave threads.
Starting static elaboration
Completed static elaboration
Starting simulation data flow analysis
Completed simulation data flow analysis
Time Resolution for simulation is 1ps
Compiling package std.standard
Compiling package std.textio
Compiling package ieee.std_logic_1164
Compiling architecture behavioral of entity xil_defaultlib.d_ff_rst [d_ff_rst_default]
Compiling architecture behavioral of entity xil_defaultlib.t_ff_rst [t_ff_rst_default]
Compiling architecture testbench of entity xil_defaultlib.tb_ff_rst
Built simulation snapshot tb_ff_rst_behav

****** Webtalk v2020.2 (64-bit)
  **** SW Build 3064766 on Wed Nov 18 09:12:45 MST 2020
  **** IP Build 3064653 on Wed Nov 18 14:17:31 MST 2020
    ** Copyright 1986-2020 Xilinx, Inc. All Rights Reserved.

source C:/Users/xceles00/Documents/digital-electronics-1/labs_2023/05-ffs/flip_flops/flip_flops.sim/sim_1/behav/xsim/xsim.dir/tb_ff_rst_behav/webtalk/xsim_webtalk.tcl -notrace
INFO: [Common 17-186] 'C:/Users/xceles00/Documents/digital-electronics-1/labs_2023/05-ffs/flip_flops/flip_flops.sim/sim_1/behav/xsim/xsim.dir/tb_ff_rst_behav/webtalk/usage_statistics_ext_xsim.xml' has been successfully sent to Xilinx on Thu Mar 16 11:12:34 2023. For additional details about this file, please refer to the WebTalk help file at C:/appz/Xilinx/Vivado/2020.2/doc/webtalk_introduction.html.
INFO: [Common 17-206] Exiting Webtalk at Thu Mar 16 11:12:34 2023...
run_program: Time (s): cpu = 00:00:01 ; elapsed = 00:00:05 . Memory (MB): peak = 1000.027 ; gain = 0.000
INFO: [USF-XSim-69] 'elaborate' step finished in '6' seconds
INFO: [USF-XSim-4] XSim::Simulate design
INFO: [USF-XSim-61] Executing 'SIMULATE' step in 'C:/Users/xceles00/Documents/digital-electronics-1/labs_2023/05-ffs/flip_flops/flip_flops.sim/sim_1/behav/xsim'
INFO: [USF-XSim-98] *** Running xsim
   with args "tb_ff_rst_behav -key {Behavioral:sim_1:Functional:tb_ff_rst} -tclbatch {tb_ff_rst.tcl} -log {simulate.log}"
INFO: [USF-XSim-8] Loading simulator feature
Vivado Simulator 2020.2
Time resolution is 1 ps
source tb_ff_rst.tcl
# set curr_wave [current_wave_config]
# if { [string length $curr_wave] == 0 } {
#   if { [llength [get_objects]] > 0} {
#     add_wave /
#     set_property needs_save false [current_wave_config]
#   } else {
#      send_msg_id Add_Wave-1 WARNING "No top level signals found. Simulator will start without a wave window. If you want to open a wave window go to 'File->New Waveform Configuration' or type 'create_wave_config' in the TCL console."
#   }
# }
# run 1000ns
Note: Stimulus process started
Time: 0 ps  Iteration: 0  Process: /tb_ff_rst/p_stimulus  File: C:/Users/xceles00/Documents/digital-electronics-1/labs_2023/05-ffs/flip_flops/flip_flops.srcs/sim_1/new/tb_ff_rst.vhd
Note: Stimulus process finished
Time: 135 ns  Iteration: 0  Process: /tb_ff_rst/p_stimulus  File: C:/Users/xceles00/Documents/digital-electronics-1/labs_2023/05-ffs/flip_flops/flip_flops.srcs/sim_1/new/tb_ff_rst.vhd
INFO: [USF-XSim-96] XSim completed. Design snapshot 'tb_ff_rst_behav' loaded.
INFO: [USF-XSim-97] XSim simulation ran for 1000ns
launch_simulation: Time (s): cpu = 00:00:09 ; elapsed = 00:00:11 . Memory (MB): peak = 1000.027 ; gain = 0.000
